#
# There is insufficient memory for the Java Runtime Environment to continue.
# Native memory allocation (malloc) failed to allocate 1048576 bytes for AllocateHeap
# Possible reasons:
#   The system is out of physical RAM or swap space
#   In 32 bit mode, the process size limit was hit
# Possible solutions:
#   Reduce memory load on the system
#   Increase physical memory or swap space
#   Check if swap backing store is full
#   Use 64 bit Java on a 64 bit OS
#   Decrease Java heap size (-Xmx/-Xms)
#   Decrease number of Java threads
#   Decrease Java thread stack sizes (-Xss)
#   Set larger code cache with -XX:ReservedCodeCacheSize=
# This output file may be truncated or incomplete.
#
#  Out of Memory Error (memory/allocation.inline.hpp:61), pid=7192, tid=2580
#
# JRE version:  (8.0_51-b16) (build )
# Java VM: Java HotSpot(TM) 64-Bit Server VM (25.51-b03 mixed mode windows-amd64 compressed oops)
# Failed to write core dump. Minidumps are not enabled by default on client versions of Windows
#

---------------  T H R E A D  ---------------

Current thread (0x0000000002241000):  JavaThread "Unknown thread" [_thread_in_vm, id=2580, stack(0x0000000002040000,0x0000000002140000)]

Stack: [0x0000000002040000,0x0000000002140000]
Native frames: (J=compiled Java code, j=interpreted, Vv=VM code, C=native code)
V  [jvm.dll+0x32b4ca]


---------------  P R O C E S S  ---------------

Java Threads: ( => current thread )

Other Threads:

=>0x0000000002241000 (exited) JavaThread "Unknown thread" [_thread_in_vm, id=2580, stack(0x0000000002040000,0x0000000002140000)]

VM state:not at safepoint (normal execution)

VM Mutex/Monitor currently owned by a thread: None

Heap:
 PSYoungGen      total 38400K, used 665K [0x00000000eab00000, 0x00000000ed580000, 0x0000000100000000)
  eden space 33280K, 2% used [0x00000000eab00000,0x00000000eaba6670,0x00000000ecb80000)
  from space 5120K, 0% used [0x00000000ed080000,0x00000000ed080000,0x00000000ed580000)
  to   space 5120K, 0% used [0x00000000ecb80000,0x00000000ecb80000,0x00000000ed080000)
 ParOldGen       total 87552K, used 0K [0x00000000c0000000, 0x00000000c5580000, 0x00000000eab00000)
  object space 87552K, 0% used [0x00000000c0000000,0x00000000c0000000,0x00000000c5580000)
 Metaspace       used 766K, capacity 4480K, committed 4480K, reserved 1056768K
  class space    used 75K, capacity 384K, committed 384K, reserved 1048576K

Card table byte_map: [0x0000000011700000,0x0000000011910000] byte_map_base: 0x0000000011100000

Marking Bits: (ParMarkBitMap*) 0x000000006b5f4040
 Begin Bits: [0x0000000011e70000, 0x0000000012e70000)
 End Bits:   [0x0000000012e70000, 0x0000000013e70000)

Polling page: 0x0000000000810000

CodeCache: size=245760Kb used=328Kb max_used=328Kb free=245431Kb
 bounds [0x0000000002340000, 0x00000000025b0000, 0x0000000011340000]
 total_blobs=57 nmethods=0 adapters=37
 compilation: enabled

Compilation events (0 events):
No events

GC Heap History (0 events):
No events

Deoptimization events (0 events):
No events

Internal exceptions (0 events):
No events

Events (10 events):
Event: 0.026 loading class java/lang/Short
Event: 0.026 loading class java/lang/Short done
Event: 0.026 loading class java/lang/Integer
Event: 0.026 loading class java/lang/Integer done
Event: 0.026 loading class java/lang/Long
Event: 0.026 loading class java/lang/Long done
Event: 0.026 loading class java/lang/NullPointerException
Event: 0.026 loading class java/lang/NullPointerException done
Event: 0.026 loading class java/lang/ArithmeticException
Event: 0.026 loading class java/lang/ArithmeticException done


Dynamic libraries:
0x00007ff64ed10000 - 0x00007ff64ed47000 	C:\Program Files\Java\jdk1.8.0_51\bin\java.exe
0x00007fff94690000 - 0x00007fff94851000 	C:\WINDOWS\SYSTEM32\ntdll.dll
0x00007fff92050000 - 0x00007fff920fd000 	C:\WINDOWS\system32\KERNEL32.DLL
0x00007fff914e0000 - 0x00007fff916c8000 	C:\WINDOWS\system32\KERNELBASE.dll
0x00007fff92100000 - 0x00007fff921a7000 	C:\WINDOWS\system32\ADVAPI32.dll
0x00007fff93ed0000 - 0x00007fff93f6d000 	C:\WINDOWS\system32\msvcrt.dll
0x00007fff91a90000 - 0x00007fff91aeb000 	C:\WINDOWS\system32\sechost.dll
0x00007fff93720000 - 0x00007fff9383c000 	C:\WINDOWS\system32\RPCRT4.dll
0x00007fff91ef0000 - 0x00007fff92046000 	C:\WINDOWS\system32\USER32.dll
0x00007fff93fe0000 - 0x00007fff94166000 	C:\WINDOWS\system32\GDI32.dll
0x00007fff8b550000 - 0x00007fff8b7c4000 	C:\WINDOWS\WinSxS\amd64_microsoft.windows.common-controls_6595b64144ccf1df_6.0.10586.0_none_8c15ae12515e1c22\COMCTL32.dll
0x00007fff94300000 - 0x00007fff9457d000 	C:\WINDOWS\system32\combase.dll
0x00007fff919d0000 - 0x00007fff91a3a000 	C:\WINDOWS\system32\bcryptPrimitives.dll
0x00007fff93e30000 - 0x00007fff93e6b000 	C:\WINDOWS\system32\IMM32.DLL
0x0000000068a50000 - 0x0000000068b22000 	C:\Program Files\Java\jdk1.8.0_51\jre\bin\msvcr100.dll
0x000000006adf0000 - 0x000000006b673000 	C:\Program Files\Java\jdk1.8.0_51\jre\bin\server\jvm.dll
0x00007fff94240000 - 0x00007fff94248000 	C:\WINDOWS\system32\PSAPI.DLL
0x00007fff7a4f0000 - 0x00007fff7a4f9000 	C:\WINDOWS\SYSTEM32\WSOCK32.dll
0x00007fff93f70000 - 0x00007fff93fdb000 	C:\WINDOWS\system32\WS2_32.dll
0x00007fff8ef30000 - 0x00007fff8ef53000 	C:\WINDOWS\SYSTEM32\WINMM.dll
0x00007fff8d550000 - 0x00007fff8d55a000 	C:\WINDOWS\SYSTEM32\VERSION.dll
0x00007fff8eed0000 - 0x00007fff8eefc000 	C:\WINDOWS\SYSTEM32\WINMMBASE.dll
0x00007fff91a40000 - 0x00007fff91a83000 	C:\WINDOWS\system32\cfgmgr32.dll
0x000000006b6b0000 - 0x000000006b6bf000 	C:\Program Files\Java\jdk1.8.0_51\jre\bin\verify.dll
0x000000006ace0000 - 0x000000006ad09000 	C:\Program Files\Java\jdk1.8.0_51\jre\bin\java.dll
0x000000006acc0000 - 0x000000006acd6000 	C:\Program Files\Java\jdk1.8.0_51\jre\bin\zip.dll

VM Arguments:
jvm_args: -Djava.awt.headless=true -Xmx1024M -Dfile.encoding=windows-1252 -Duser.country=US -Duser.language=en -Duser.variant 
java_command: com.android.dx.command.Main --dex --force-jumbo --num-threads=4 --multi-dex --output C:\Users\littleBIG\Documents\AndroidStudioProjects\Ripely\app\build\intermediates\transforms\dex\debug\folders\1000\10\com.android.support-cardview-v7-23.3.0_f7d0ae870a7ecb3647fd34c90317fe727e4d34bd C:\Users\littleBIG\Documents\AndroidStudioProjects\Ripely\app\build\intermediates\exploded-aar\com.android.support\cardview-v7\23.3.0\jars\classes.jar
java_class_path (initial): C:\Users\littleBIG\AppData\Local\Android\sdk\build-tools\23.0.3\lib\dx.jar
Launcher Type: SUN_STANDARD

Environment Variables:
JAVA_HOME=C:\Program Files\Java\jdk1.8.0_51
PATH=C:\PROGRAM FILES\BROADCOM\BROADCOM 802.11 NETWORK ADAPTER;;C:\PROGRAMDATA\ORACLE\JAVA\JAVAPATH;C:\WINDOWS\SYSTEM32;C:\WINDOWS;C:\WINDOWS\SYSTEM32\WBEM;C:\WINDOWS\SYSTEM32\WINDOWSPOWERSHELL\V1.0\;C:\PROGRAM FILES (X86)\GIT\CMD;C:\USERS\LITTLEBIG\APPDATA\LOCAL\ANDROID\SDK\PLATFORM-TOOLS;C:\gradle-2.8\BIN;C:\WINDOWS\SYSTEM32;C:\WINDOWS;C:\WINDOWS\SYSTEM32\WBEM;C:\WINDOWS\SYSTEM32\WINDOWSPOWERSHELL\V1.0\;;C:\Program Files (x86)\NVIDIA Corporation\PhysX\Common
USERNAME=littleBIG
OS=Windows_NT
PROCESSOR_IDENTIFIER=Intel64 Family 6 Model 58 Stepping 9, GenuineIntel



---------------  S Y S T E M  ---------------

OS: Windows 10.0 , 64 bit Build 10586 (10.0.10586.0)

CPU:total 4 (4 cores per cpu, 1 threads per core) family 6 model 58 stepping 9, cmov, cx8, fxsr, mmx, sse, sse2, sse3, ssse3, sse4.1, sse4.2, popcnt, avx, aes, clmul, erms, tsc, tscinvbit, tscinv

Memory: 4k page, physical 8332652k(1146584k free), swap 12526956k(4404k free)

vm_info: Java HotSpot(TM) 64-Bit Server VM (25.51-b03) for windows-amd64 JRE (1.8.0_51-b16), built on Jun  8 2015 18:03:07 by "java_re" with MS VC++ 10.0 (VS2010)

time: Fri May 13 15:30:40 2016
elapsed time: 0 seconds (0d 0h 0m 0s)

